FtcRobotController/build/intermediates/manifest_merge_blame_file/debug/manifest-merger-blame-debug-report.txt
1<?xml version="1.0" encoding="utf-8"?>
2<manifest xmlns:android="http://schemas.android.com/apk/res/android"
3    xmlns:tools="http://schemas.android.com/tools"
4    package="com.qualcomm.ftcrobotcontroller"
5    android:versionCode="28"
6    android:versionName="4.0" >
7
8    <uses-sdk
9        android:minSdkVersion="19"
9-->src/main/AndroidManifest.xml
10        android:targetSdkVersion="19" />
10-->src/main/AndroidManifest.xml
11
12    <uses-permission android:name="android.permission.RECEIVE_BOOT_COMPLETED" />
12-->src/main/AndroidManifest.xml:8:3-79
12-->src/main/AndroidManifest.xml:8:20-76
13
14    <application
14-->src/main/AndroidManifest.xml:10:3-43:17
15        android:allowBackup="true"
15-->src/main/AndroidManifest.xml:11:5-31
16        android:icon="@drawable/ic_launcher"
16-->src/main/AndroidManifest.xml:13:5-41
17        android:label="@string/app_name"
17-->src/main/AndroidManifest.xml:14:5-37
18        android:largeHeap="true"
18-->src/main/AndroidManifest.xml:12:5-29
19        android:theme="@style/AppThemeRedRC" >
19-->src/main/AndroidManifest.xml:15:5-41
20
21        <!-- The main robot controller activity -->
22        <activity
22-->src/main/AndroidManifest.xml:18:5-36:16
23            android:name="org.firstinspires.ftc.robotcontroller.internal.FtcRobotControllerActivity"
23-->src/main/AndroidManifest.xml:19:7-95
24            android:configChanges="orientation|screenSize"
24-->src/main/AndroidManifest.xml:20:7-53
25            android:label="@string/app_name"
25-->src/main/AndroidManifest.xml:21:7-39
26            android:launchMode="singleTask" >
26-->src/main/AndroidManifest.xml:22:7-38
27            <intent-filter>
27-->src/main/AndroidManifest.xml:24:7-27:23
28                <category android:name="android.intent.category.LAUNCHER" />
28-->src/main/AndroidManifest.xml:25:9-69
28-->src/main/AndroidManifest.xml:25:19-66
29
30                <action android:name="android.intent.action.MAIN" />
30-->src/main/AndroidManifest.xml:26:9-61
30-->src/main/AndroidManifest.xml:26:17-58
31            </intent-filter>
32            <intent-filter>
32-->src/main/AndroidManifest.xml:29:7-31:23
33                <action android:name="android.hardware.usb.action.USB_DEVICE_ATTACHED" />
33-->src/main/AndroidManifest.xml:30:9-82
33-->src/main/AndroidManifest.xml:30:17-79
34            </intent-filter>
35
36            <meta-data
36-->src/main/AndroidManifest.xml:33:7-35:49
37                android:name="android.hardware.usb.action.USB_DEVICE_ATTACHED"
37-->src/main/AndroidManifest.xml:34:9-71
38                android:resource="@xml/device_filter" />
38-->src/main/AndroidManifest.xml:35:9-46
39        </activity>
40
41        <!-- The robot controller service in which most of the robot functionality is managed -->
42        <service
42-->src/main/AndroidManifest.xml:39:5-41:32
43            android:name="com.qualcomm.ftccommon.FtcRobotControllerService"
43-->src/main/AndroidManifest.xml:40:7-70
44            android:enabled="true" />
44-->src/main/AndroidManifest.xml:41:7-29
45    </application>
46
47</manifest>